[    0.000000] Linux version 4.15.0-213-generic (buildd@lcy02-amd64-079) (gcc version 7.5.0 (Ubuntu 7.5.0-3ubuntu1~18.04)) #224-Ubuntu SMP Mon Jun 19 13:30:12 UTC 2023 (Ubuntu 4.15.0-213.224-generic 4.15.18)
[    0.000000] Command line: BOOT_IMAGE=/boot/vmlinuz-4.15.0-213-generic root=UUID=f685bb41-0e3b-40c4-89c1-eea0f0583525 ro console=tty1 console=ttyS0
[    0.000000] KERNEL supported cpus:
[    0.000000]   Intel GenuineIntel
[    0.000000]   AMD AuthenticAMD
[    0.000000]   Centaur CentaurHauls
[    0.000000] x86/fpu: Supporting XSAVE feature 0x001: 'x87 floating point registers'
[    0.000000] x86/fpu: Supporting XSAVE feature 0x002: 'SSE registers'
[    0.000000] x86/fpu: Supporting XSAVE feature 0x004: 'AVX registers'
[    0.000000] x86/fpu: xstate_offset[2]:  576, xstate_sizes[2]:  256
[    0.000000] x86/fpu: Enabled xstate features 0x7, context size is 832 bytes, using 'standard' format.
[    0.000000] e820: BIOS-provided physical RAM map:
[    0.000000] BIOS-e820: [mem 0x0000000000000000-0x000000000009fbff] usable
[    0.000000] BIOS-e820: [mem 0x000000000009fc00-0x000000000009ffff] reserved
[    0.000000] BIOS-e820: [mem 0x00000000000f0000-0x00000000000fffff] reserved
[    0.000000] BIOS-e820: [mem 0x0000000000100000-0x00000000dffeffff] usable
[    0.000000] BIOS-e820: [mem 0x00000000dfff0000-0x00000000dfffffff] ACPI data
[    0.000000] BIOS-e820: [mem 0x00000000fec00000-0x00000000fec00fff] reserved
[    0.000000] BIOS-e820: [mem 0x00000000fee00000-0x00000000fee00fff] reserved
[    0.000000] BIOS-e820: [mem 0x00000000fffc0000-0x00000000ffffffff] reserved
[    0.000000] BIOS-e820: [mem 0x0000000100000000-0x000000011fffffff] usable
[    0.000000] NX (Execute Disable) protection: active
[    0.000000] SMBIOS 2.5 present.
[    0.000000] DMI: innotek GmbH VirtualBox/VirtualBox, BIOS VirtualBox 12/01/2006
[    0.000000] Hypervisor detected: KVM
[    0.000000] e820: last_pfn = 0x120000 max_arch_pfn = 0x400000000
[    0.000000] x86/PAT: Configuration [0-7]: WB  WC  UC- UC  WB  WP  UC- WT  
[    0.000000] total RAM covered: 4096M
[    0.000000] Found optimal setting for mtrr clean up
[    0.000000]  gran_size: 64K 	chunk_size: 1G 	num_reg: 3  	lose cover RAM: 0G
[    0.000000] e820: last_pfn = 0xdfff0 max_arch_pfn = 0x400000000
[    0.000000] found SMP MP-table at [mem 0x0009fbf0-0x0009fbff]
[    0.000000] Scanning 1 areas for low memory corruption
[    0.000000] RAMDISK: [mem 0x35819000-0x36c03fff]
[    0.000000] ACPI: Early table checksum verification disabled
[    0.000000] ACPI: RSDP 0x00000000000E0000 000024 (v02 VBOX  )
[    0.000000] ACPI: XSDT 0x00000000DFFF0030 00003C (v01 VBOX   VBOXXSDT 00000001 ASL  00000061)
[    0.000000] ACPI: FACP 0x00000000DFFF00F0 0000F4 (v04 VBOX   VBOXFACP 00000001 ASL  00000061)
[    0.000000] ACPI: DSDT 0x00000000DFFF0610 002353 (v02 VBOX   VBOXBIOS 00000002 INTL 20100528)
[    0.000000] ACPI: FACS 0x00000000DFFF0200 000040
[    0.000000] ACPI: FACS 0x00000000DFFF0200 000040
[    0.000000] ACPI: APIC 0x00000000DFFF0240 00005C (v02 VBOX   VBOXAPIC 00000001 ASL  00000061)
[    0.000000] ACPI: SSDT 0x00000000DFFF02A0 00036C (v01 VBOX   VBOXCPUT 00000002 INTL 20100528)
[    0.000000] ACPI: Reserving FACP table memory at [mem 0xdfff00f0-0xdfff01e3]
[    0.000000] ACPI: Reserving DSDT table memory at [mem 0xdfff0610-0xdfff2962]
[    0.000000] ACPI: Reserving FACS table memory at [mem 0xdfff0200-0xdfff023f]
[    0.000000] ACPI: Reserving FACS table memory at [mem 0xdfff0200-0xdfff023f]
[    0.000000] ACPI: Reserving APIC table memory at [mem 0xdfff0240-0xdfff029b]
[    0.000000] ACPI: Reserving SSDT table memory at [mem 0xdfff02a0-0xdfff060b]
[    0.000000] No NUMA configuration found
[    0.000000] Faking a node at [mem 0x0000000000000000-0x000000011fffffff]
[    0.000000] NODE_DATA(0) allocated [mem 0x11ffd1000-0x11fffbfff]
[    0.000000] kvm-clock: cpu 0, msr 1:1ff50001, primary cpu clock
[    0.000000] kvm-clock: Using msrs 4b564d01 and 4b564d00
[    0.000000] kvm-clock: using sched offset of 4772450570 cycles
[    0.000000] clocksource: kvm-clock: mask: 0xffffffffffffffff max_cycles: 0x1cd42e4dffb, max_idle_ns: 881590591483 ns
[    0.000000] Zone ranges:
[    0.000000]   DMA      [mem 0x0000000000001000-0x0000000000ffffff]
[    0.000000]   DMA32    [mem 0x0000000001000000-0x00000000ffffffff]
[    0.000000]   Normal   [mem 0x0000000100000000-0x000000011fffffff]
[    0.000000]   Device   empty
[    0.000000] Movable zone start for each node
[    0.000000] Early memory node ranges
[    0.000000]   node   0: [mem 0x0000000000001000-0x000000000009efff]
[    0.000000]   node   0: [mem 0x0000000000100000-0x00000000dffeffff]
[    0.000000]   node   0: [mem 0x0000000100000000-0x000000011fffffff]
[    0.000000] Reserved but unavailable: 104 pages
[    0.000000] Initmem setup node 0 [mem 0x0000000000001000-0x000000011fffffff]
[    0.000000] ACPI: PM-Timer IO Port: 0x4008
[    0.000000] IOAPIC[0]: apic_id 2, version 32, address 0xfec00000, GSI 0-23
[    0.000000] ACPI: INT_SRC_OVR (bus 0 bus_irq 0 global_irq 2 dfl dfl)
[    0.000000] ACPI: INT_SRC_OVR (bus 0 bus_irq 9 global_irq 9 low level)
[    0.000000] Using ACPI (MADT) for SMP configuration information
[    0.000000] smpboot: Allowing 2 CPUs, 0 hotplug CPUs
[    0.000000] PM: Registered nosave memory: [mem 0x00000000-0x00000fff]
[    0.000000] PM: Registered nosave memory: [mem 0x0009f000-0x0009ffff]
[    0.000000] PM: Registered nosave memory: [mem 0x000a0000-0x000effff]
[    0.000000] PM: Registered nosave memory: [mem 0x000f0000-0x000fffff]
[    0.000000] PM: Registered nosave memory: [mem 0xdfff0000-0xdfffffff]
[    0.000000] PM: Registered nosave memory: [mem 0xe0000000-0xfebfffff]
[    0.000000] PM: Registered nosave memory: [mem 0xfec00000-0xfec00fff]
[    0.000000] PM: Registered nosave memory: [mem 0xfec01000-0xfedfffff]
[    0.000000] PM: Registered nosave memory: [mem 0xfee00000-0xfee00fff]
[    0.000000] PM: Registered nosave memory: [mem 0xfee01000-0xfffbffff]
[    0.000000] PM: Registered nosave memory: [mem 0xfffc0000-0xffffffff]
[    0.000000] e820: [mem 0xe0000000-0xfebfffff] available for PCI devices
[    0.000000] Booting paravirtualized kernel on KVM
[    0.000000] clocksource: refined-jiffies: mask: 0xffffffff max_cycles: 0xffffffff, max_idle_ns: 7645519600211568 ns
[    0.000000] setup_percpu: NR_CPUS:8192 nr_cpumask_bits:2 nr_cpu_ids:2 nr_node_ids:1
[    0.000000] percpu: Embedded 50 pages/cpu s167936 r8192 d28672 u1048576
[    0.000000] PV qspinlock hash table entries: 256 (order: 0, 4096 bytes)
[    0.000000] Built 1 zonelists, mobility grouping on.  Total pages: 1032057
[    0.000000] Policy zone: Normal
[    0.000000] Kernel command line: BOOT_IMAGE=/boot/vmlinuz-4.15.0-213-generic root=UUID=f685bb41-0e3b-40c4-89c1-eea0f0583525 ro console=tty1 console=ttyS0
[    0.000000] Memory: 4012384K/4193848K available (12300K kernel code, 2477K rwdata, 4324K rodata, 2480K init, 2720K bss, 181464K reserved, 0K cma-reserved)
[    0.000000] SLUB: HWalign=64, Order=0-3, MinObjects=0, CPUs=2, Nodes=1
[    0.000000] Kernel/User page tables isolation: enabled
[    0.000000] ftrace: allocating 39508 entries in 155 pages
[    0.004000] Hierarchical RCU implementation.
[    0.004000] 	RCU restricting CPUs from NR_CPUS=8192 to nr_cpu_ids=2.
[    0.004000] 	Tasks RCU enabled.
[    0.004000] RCU: Adjusting geometry for rcu_fanout_leaf=16, nr_cpu_ids=2
[    0.004000] NR_IRQS: 524544, nr_irqs: 440, preallocated irqs: 16
[    0.004000] random: crng init done
[    0.004000] Console: colour VGA+ 80x25
[    0.004000] console [tty1] enabled
[    0.004000] console [ttyS0] enabled
[    0.004000] ACPI: Core revision 20170831
[    0.004000] ACPI: 2 ACPI AML tables successfully acquired and loaded
[    0.004000] APIC: Switch to symmetric I/O mode setup
[    0.004000] x2apic enabled
[    0.004000] Switched APIC routing to physical x2apic.
[    0.008000] ..TIMER: vector=0x30 apic1=0 pin1=2 apic2=-1 pin2=-1
[    0.008006] tsc: Detected 2294.688 MHz processor
[    0.012005] Calibrating delay loop (skipped) preset value.. 4589.37 BogoMIPS (lpj=9178752)
[    0.015230] pid_max: default: 32768 minimum: 301
[    0.016085] Security Framework initialized
[    0.017774] Yama: becoming mindful.
[    0.019286] AppArmor: AppArmor initialized
[    0.032384] Dentry cache hash table entries: 524288 (order: 10, 4194304 bytes)
[    0.036327] Inode-cache hash table entries: 262144 (order: 9, 2097152 bytes)
[    0.039037] Mount-cache hash table entries: 8192 (order: 4, 65536 bytes)
[    0.040022] Mountpoint-cache hash table entries: 8192 (order: 4, 65536 bytes)
[    0.044666] Last level iTLB entries: 4KB 1024, 2MB 1024, 4MB 1024
[    0.046903] Last level dTLB entries: 4KB 1024, 2MB 1024, 4MB 1024, 1GB 4
[    0.048005] Spectre V1 : Mitigation: usercopy/swapgs barriers and __user pointer sanitization
[    0.052006] Spectre V2 : Mitigation: Retpolines
[    0.053836] Spectre V2 : Spectre v2 / SpectreRSB mitigation: Filling RSB on context switch
[    0.056003] Spectre V2 : Spectre v2 / SpectreRSB : Filling RSB on VMEXIT
[    0.060004] Speculative Store Bypass: Vulnerable
[    0.062030] MDS: Mitigation: Clear CPU buffers
[    0.064004] MMIO Stale Data: Mitigation: Clear CPU buffers
[    0.066619] Freeing SMP alternatives memory: 36K
[    0.181732] smpboot: CPU0: Intel(R) Xeon(R) CPU E5-2670 v3 @ 2.30GHz (family: 0x6, model: 0x3f, stepping: 0x2)
[    0.184110] Performance Events: unsupported p6 CPU model 63 no PMU driver, software events only.
[    0.187944] Hierarchical SRCU implementation.
[    0.188890] NMI watchdog: Perf event create on CPU 0 failed with -2
[    0.192004] NMI watchdog: Perf NMI watchdog permanently disabled
[    0.194564] smp: Bringing up secondary CPUs ...
[    0.200229] x86: Booting SMP configuration:
[    0.202275] .... node  #0, CPUs:      #1
[    0.004000] kvm-clock: cpu 1, msr 1:1ff50041, secondary cpu clock
[    0.211412] smp: Brought up 1 node, 2 CPUs
[    0.212011] smpboot: Max logical packages: 1
[    0.214042] smpboot: Total of 2 processors activated (9178.75 BogoMIPS)
[    0.216936] devtmpfs: initialized
[    0.220163] x86/mm: Memory block size: 128MB
[    0.225182] evm: security.selinux
[    0.226946] evm: security.SMACK64
[    0.228000] evm: security.SMACK64EXEC
[    0.228005] evm: security.SMACK64TRANSMUTE
[    0.232004] evm: security.SMACK64MMAP
[    0.233516] evm: security.apparmor
[    0.235058] evm: security.ima
[    0.236000] evm: security.capability
[    0.236110] clocksource: jiffies: mask: 0xffffffff max_cycles: 0xffffffff, max_idle_ns: 7645041785100000 ns
[    0.240024] futex hash table entries: 512 (order: 3, 32768 bytes)
[    0.244082] pinctrl core: initialized pinctrl subsystem
[    0.246341] RTC time:  4:04:43, date: 11/29/24
[    0.248319] NET: Registered protocol family 16
[    0.250518] audit: initializing netlink subsys (disabled)
[    0.252090] audit: type=2000 audit(1732853090.157:1): state=initialized audit_enabled=0 res=1
[    0.256018] cpuidle: using governor ladder
[    0.257559] cpuidle: using governor menu
[    0.260124] ACPI: bus type PCI registered
[    0.261719] acpiphp: ACPI Hot Plug PCI Controller Driver version: 0.5
[    0.264034] PCI: Using configuration type 1 for base access
[    0.269650] HugeTLB registered 2.00 MiB page size, pre-allocated 0 pages
[    0.272073] ACPI: Added _OSI(Module Device)
[    0.273693] ACPI: Added _OSI(Processor Device)
[    0.276010] ACPI: Added _OSI(3.0 _SCP Extensions)
[    0.277850] ACPI: Added _OSI(Processor Aggregator Device)
[    0.280015] ACPI: Added _OSI(Linux-Dell-Video)
[    0.281668] ACPI: Added _OSI(Linux-Lenovo-NV-HDMI-Audio)
[    0.284005] ACPI: Added _OSI(Linux-HPI-Hybrid-Graphics)
[    0.286931] ACPI: Executed 1 blocks of module-level executable AML code
[    0.305777] ACPI: Interpreter enabled
[    0.307385] ACPI: (supports S0 S5)
[    0.308005] ACPI: Using IOAPIC for interrupt routing
[    0.311004] PCI: Using host bridge windows from ACPI; if necessary, use "pci=nocrs" and report a bug
[    0.316424] ACPI: Enabled 2 GPEs in block 00 to 07
[    0.344920] ACPI: PCI Root Bridge [PCI0] (domain 0000 [bus 00-ff])
[    0.347582] acpi PNP0A03:00: _OSC: OS supports [ASPM ClockPM Segments MSI]
[    0.350283] acpi PNP0A03:00: _OSC: not requesting OS control; OS requires [ExtendedConfig ASPM ClockPM MSI]
[    0.352033] acpi PNP0A03:00: fail to add MMCONFIG information, can't access extended PCI configuration space under this bridge.
[    0.357095] PCI host bridge to bus 0000:00
[    0.359216] pci_bus 0000:00: root bus resource [io  0x0000-0x0cf7 window]
[    0.360007] pci_bus 0000:00: root bus resource [io  0x0d00-0xffff window]
[    0.364007] pci_bus 0000:00: root bus resource [mem 0x000a0000-0x000bffff window]
[    0.366917] pci_bus 0000:00: root bus resource [mem 0xe0000000-0xfdffffff window]
[    0.368006] pci_bus 0000:00: root bus resource [bus 00-ff]
[    0.377712] pci 0000:00:01.1: legacy IDE quirk: reg 0x10: [io  0x01f0-0x01f7]
[    0.380000] pci 0000:00:01.1: legacy IDE quirk: reg 0x14: [io  0x03f6]
[    0.380006] pci 0000:00:01.1: legacy IDE quirk: reg 0x18: [io  0x0170-0x0177]
[    0.384006] pci 0000:00:01.1: legacy IDE quirk: reg 0x1c: [io  0x0376]
[    0.429970] pci 0000:00:07.0: quirk: [io  0x4000-0x403f] claimed by PIIX4 ACPI
[    0.432029] pci 0000:00:07.0: quirk: [io  0x4100-0x410f] claimed by PIIX4 SMB
[    0.452785] ACPI: PCI Interrupt Link [LNKA] (IRQs 5 9 10 *11)
[    0.456240] ACPI: PCI Interrupt Link [LNKB] (IRQs 5 9 *10 11)
[    0.458915] ACPI: PCI Interrupt Link [LNKC] (IRQs 5 *9 10 11)
[    0.460366] ACPI: PCI Interrupt Link [LNKD] (IRQs 5 9 10 *11)
[    0.465115] SCSI subsystem initialized
[    0.466807] pci 0000:00:02.0: vgaarb: setting as boot VGA device
[    0.466807] pci 0000:00:02.0: vgaarb: VGA device added: decodes=io+mem,owns=io+mem,locks=none
[    0.468036] pci 0000:00:02.0: vgaarb: bridge control possible
[    0.470397] vgaarb: loaded
[    0.472085] ACPI: bus type USB registered
[    0.473810] usbcore: registered new interface driver usbfs
[    0.476037] usbcore: registered new interface driver hub
[    0.478068] usbcore: registered new device driver usb
[    0.480090] EDAC MC: Ver: 3.0.0
[    0.481931] PCI: Using ACPI for IRQ routing
[    0.484538] NetLabel: Initializing
[    0.486061] NetLabel:  domain hash size = 128
[    0.488003] NetLabel:  protocols = UNLABELED CIPSOv4 CALIPSO
[    0.490258] NetLabel:  unlabeled traffic allowed by default
[    0.492113] clocksource: Switched to clocksource kvm-clock
[    0.549397] VFS: Disk quotas dquot_6.6.0
[    0.550993] VFS: Dquot-cache hash table entries: 512 (order 0, 4096 bytes)
[    0.553784] AppArmor: AppArmor Filesystem Enabled
[    0.555536] pnp: PnP ACPI init
[    0.559961] pnp: PnP ACPI: found 3 devices
[    0.570662] clocksource: acpi_pm: mask: 0xffffff max_cycles: 0xffffff, max_idle_ns: 2085701024 ns
[    0.574280] NET: Registered protocol family 2
[    0.576097] IP idents hash table entries: 65536 (order: 7, 524288 bytes)
[    0.579128] TCP established hash table entries: 32768 (order: 6, 262144 bytes)
[    0.582114] TCP bind hash table entries: 32768 (order: 7, 524288 bytes)
[    0.589785] TCP: Hash tables configured (established 32768 bind 32768)
[    0.592388] UDP hash table entries: 2048 (order: 4, 65536 bytes)
[    0.594506] UDP-Lite hash table entries: 2048 (order: 4, 65536 bytes)
[    0.596953] NET: Registered protocol family 1
[    0.598636] pci 0000:00:00.0: Limiting direct PCI/PCI transfers
[    0.601137] pci 0000:00:01.0: Activating ISA DMA hang workarounds
[    0.603572] pci 0000:00:02.0: Video device with shadowed ROM at [mem 0x000c0000-0x000dffff]
[    0.607842] Unpacking initramfs...
[    1.536920] Freeing initrd memory: 20396K
[    1.540093] PCI-DMA: Using software bounce buffering for IO (SWIOTLB)
[    1.545386] software IO TLB: mapped [mem 0xdbff0000-0xdfff0000] (64MB)
[    1.550854] clocksource: tsc: mask: 0xffffffffffffffff max_cycles: 0x21139aef754, max_idle_ns: 440795211890 ns
[    1.559034] platform rtc_cmos: registered platform RTC device (no PNP device found)
[    1.565411] Scanning for low memory corruption every 60 seconds
[    1.568622] Initialise system trusted keyrings
[    1.570526] Key type blacklist registered
[    1.572357] workingset: timestamp_bits=36 max_order=20 bucket_order=0
[    1.578322] zbud: loaded
[    1.580203] squashfs: version 4.0 (2009/01/31) Phillip Lougher
[    1.582883] fuse init (API version 7.26)
[    1.592667] Key type asymmetric registered
[    1.594467] Asymmetric key parser 'x509' registered
[    1.596538] Block layer SCSI generic (bsg) driver version 0.4 loaded (major 246)
[    1.599504] io scheduler noop registered
[    1.601039] io scheduler deadline registered
[    1.602999] io scheduler cfq registered (default)
[    1.605334] ACPI: AC Adapter [AC] (on-line)
[    1.607120] input: Power Button as /devices/LNXSYSTM:00/LNXPWRBN:00/input/input0
[    1.610121] ACPI: Power Button [PWRF]
[    1.611768] input: Sleep Button as /devices/LNXSYSTM:00/LNXSLPBN:00/input/input1
[    1.614891] ACPI: Sleep Button [SLPF]
[    1.617159] Serial: 8250/16550 driver, 32 ports, IRQ sharing enabled
[    1.641013] 00:02: ttyS0 at I/O 0x3f8 (irq = 4, base_baud = 115200) is a 16550A
[    1.647868] Linux agpgart interface v0.103
[    1.652743] loop: module loaded
[    1.655488] scsi host0: ata_piix
[    1.657204] scsi host1: ata_piix
[    1.658642] ata1: PATA max UDMA/33 cmd 0x1f0 ctl 0x3f6 bmdma 0xd000 irq 14
[    1.661122] ata2: PATA max UDMA/33 cmd 0x170 ctl 0x376 bmdma 0xd008 irq 15
[    1.664308] tun: Universal TUN/TAP device driver, 1.6
[    1.666384] PPP generic driver version 2.4.2
[    1.668311] ehci_hcd: USB 2.0 'Enhanced' Host Controller (EHCI) Driver
[    1.670894] ehci-pci: EHCI PCI platform driver
[    1.672668] ehci-platform: EHCI generic platform driver
[    1.674685] ohci_hcd: USB 1.1 'Open' Host Controller (OHCI) Driver
[    1.677110] ohci-pci: OHCI PCI platform driver
[    1.678871] ohci-platform: OHCI generic platform driver
[    1.681039] uhci_hcd: USB Universal Host Controller Interface driver
[    1.683554] i8042: PNP: PS/2 Controller [PNP0303:PS2K,PNP0f03:PS2M] at 0x60,0x64 irq 1,12
[    1.687952] serio: i8042 KBD port at 0x60,0x64 irq 1
[    1.690167] serio: i8042 AUX port at 0x60,0x64 irq 12
[    1.692538] mousedev: PS/2 mouse device common for all mice
[    1.696584] input: AT Translated Set 2 keyboard as /devices/platform/i8042/serio0/input/input2
[    1.700301] rtc_cmos rtc_cmos: rtc core: registered rtc_cmos as rtc0
[    1.706135] rtc_cmos rtc_cmos: alarms up to one day, 114 bytes nvram
[    1.708593] i2c /dev entries driver
[    1.710208] device-mapper: uevent: version 1.0.3
[    1.712239] device-mapper: ioctl: 4.37.0-ioctl (2017-09-20) initialised: dm-devel@redhat.com
[    1.718529] ledtrig-cpu: registered to indicate activity on CPUs
[    1.723151] NET: Registered protocol family 10
[    1.738073] Segment Routing with IPv6
[    1.739703] NET: Registered protocol family 17
[    1.741609] Key type dns_resolver registered
[    1.743638] mce: Using 0 MCE banks
[    1.745150] RAS: Correctable Errors collector initialized.
[    1.747309] sched_clock: Marking stable (1745112044, 0)->(2604133645, -859021601)
[    1.750975] registered taskstats version 1
[    1.752777] Loading compiled-in X.509 certificates
[    1.758223] Loaded X.509 cert 'Build time autogenerated kernel key: cdc7189136aaa35407544516090e2034d9c28e14'
[    1.763399] Loaded X.509 cert 'Canonical Ltd. Live Patch Signing: 14df34d1a87cf37625abec039ef2bf521249b969'
[    1.768416] Loaded X.509 cert 'Canonical Ltd. Kernel Module Signing: 88f752e560a1e0737e31163a466ad7b70a850c19'
[    1.772212] blacklist: Loading compiled-in revocation X.509 certificates
[    1.774830] Loaded X.509 cert 'Canonical Ltd. Secure Boot Signing: 61482aa2830d0ab2ad5af10b7250da9033ddcef0'
[    1.778640] Loaded X.509 cert 'Canonical Ltd. Secure Boot Signing (2017): 242ade75ac4a15e50d50c84b0d45ff3eae707a03'
[    1.782741] Loaded X.509 cert 'Canonical Ltd. Secure Boot Signing (ESM 2018): 365188c1d374d6b07c3c8f240f8ef722433d6a8b'
[    1.786815] Loaded X.509 cert 'Canonical Ltd. Secure Boot Signing (2019): c0746fd6c5da3ae827864651ad66ae47fe24b3e8'
[    1.790749] Loaded X.509 cert 'Canonical Ltd. Secure Boot Signing (2021 v1): a8d54bbb3825cfb94fa13c9f8a594a195c107b8d'
[    1.794864] Loaded X.509 cert 'Canonical Ltd. Secure Boot Signing (2021 v2): 4cf046892d6fd3c9a5b03f98d845f90851dc6a8c'
[    1.799134] Loaded X.509 cert 'Canonical Ltd. Secure Boot Signing (2021 v3): 100437bb6de6e469b581e61cd66bce3ef4ed53af'
[    1.803272] Loaded X.509 cert 'Canonical Ltd. Secure Boot Signing (Ubuntu Core 2019): c1d57b8f6b743f23ee41f4f7ee292f06eecadfb9'
[    1.807754] zswap: loaded using pool lzo/zbud
[    1.822675] Key type big_key registered
[    1.824288] Key type trusted registered
[    1.854909] Key type encrypted registered
[    1.856825] AppArmor: AppArmor sha1 policy hashing enabled
[    1.859164] ima: No TPM chip found, activating TPM-bypass! (rc=-19)
[    1.861767] ima: Allocated hash algorithm: sha1
[    1.863598] evm: HMAC attrs: 0x1
[    1.865935]   Magic number: 0:147:61
[    1.869326] rtc_cmos rtc_cmos: setting system clock to 2024-11-29 04:04:45 UTC (1732853085)
[    1.876553] BIOS EDD facility v0.16 2004-Jun-25, 0 devices found
[    1.881256] EDD information not available.
[    1.902640] Freeing unused kernel image memory: 2480K
[    1.920236] Write protecting the kernel read-only data: 20480k
[    1.924024] Freeing unused kernel image memory: 2008K
[    1.926893] Freeing unused kernel image memory: 1820K
[    1.972166] x86/mm: Checked W+X mappings: passed, no W+X pages found.
[    1.974683] x86/mm: Checking user space page tables
[    2.016842] x86/mm: Checked W+X mappings: passed, no W+X pages found.
Loading, please wait...
starting version 237
[    2.194926] Fusion MPT base driver 3.04.20
[    2.196867] Copyright (c) 1999-2008 LSI Corporation
[    2.231752] e1000: Intel(R) PRO/1000 Network Driver - version 7.3.21-k8-NAPI
[    2.234410] e1000: Copyright (c) 1999-2006 Intel Corporation.
[    2.303525] AVX2 version of gcm_enc/dec engaged.
[    2.305639] AES CTR mode by8 optimization enabled
[    2.313998] Fusion MPT SPI Host driver 3.04.20
[    2.484958] input: ImExPS/2 Generic Explorer Mouse as /devices/platform/i8042/serio1/input/input4
[    3.256590] e1000 0000:00:03.0 eth0: (PCI:33MHz:32-bit) 02:3b:7b:b7:3b:2d
[    3.260262] e1000 0000:00:03.0 eth0: Intel(R) PRO/1000 Network Connection
[    3.266767] mptbase: ioc0: Initiating bringup
[    3.267383] e1000 0000:00:03.0 enp0s3: renamed from eth0
[    3.392986] ioc0: LSI53C1030 A0: Capabilities={Initiator}
[    3.636389] scsi host2: ioc0: LSI53C1030 A0, FwRev=00000000h, Ports=1, MaxQ=256, IRQ=20
[    3.805945] scsi 2:0:0:0: Direct-Access     VBOX     HARDDISK         1.0  PQ: 0 ANSI: 5
[    4.342106] scsi target2:0:0: Beginning Domain Validation
[    4.349852] scsi target2:0:0: Domain Validation skipping write tests
[    4.354928] scsi target2:0:0: Ending Domain Validation
[    4.359375] scsi target2:0:0: asynchronous
[    4.364484] scsi 2:0:1:0: Direct-Access     VBOX     HARDDISK         1.0  PQ: 0 ANSI: 5
[    4.644632] scsi target2:0:1: Beginning Domain Validation
[    4.652589] scsi target2:0:1: Domain Validation skipping write tests
[    4.657615] scsi target2:0:1: Ending Domain Validation
[    4.662053] scsi target2:0:1: asynchronous
[    4.688921] sd 2:0:0:0: Attached scsi generic sg0 type 0
[    4.688926] sd 2:0:0:0: [sda] 83886080 512-byte logical blocks: (42.9 GB/40.0 GiB)
[    4.694647] sd 2:0:0:0: [sda] Write Protect is off
[    4.695971] sd 2:0:1:0: [sdb] 20480 512-byte logical blocks: (10.5 MB/10.0 MiB)
[    4.696919] sd 2:0:1:0: Attached scsi generic sg1 type 0
[    4.700494] sd 2:0:1:0: [sdb] Write Protect is off
[    4.704647] sd 2:0:0:0: [sda] Incomplete mode parameter data
[    4.704873] sd 2:0:1:0: [sdb] Incomplete mode parameter data
[    4.709338] sd 2:0:0:0: [sda] Assuming drive cache: write through
[    4.711930] sd 2:0:1:0: [sdb] Assuming drive cache: write through
[    4.721114]  sda: sda1
[    4.723877] sd 2:0:0:0: [sda] Attached SCSI disk
[    4.723942] sd 2:0:1:0: [sdb] Attached SCSI disk
Begin: Loading essential drivers ... [    7.084063] raid6: sse2x1   gen()  1604 MB/s
[    7.132077] raid6: sse2x1   xor()  1255 MB/s
[    7.180090] raid6: sse2x2   gen()  4121 MB/s
[    7.228071] raid6: sse2x2   xor()  1986 MB/s
[    7.276067] raid6: sse2x4   gen()  4785 MB/s
[    7.324058] raid6: sse2x4   xor()  2843 MB/s
[    7.372050] raid6: avx2x1   gen()  3909 MB/s
[    7.420062] raid6: avx2x1   xor()  2064 MB/s
[    7.468101] raid6: avx2x2   gen()  7439 MB/s
[    7.516081] raid6: avx2x2   xor()  3762 MB/s
[    7.564061] raid6: avx2x4   gen()  9839 MB/s
[    7.612058] raid6: avx2x4   xor()  6093 MB/s
[    7.613796] raid6: using algorithm avx2x4 gen() 9839 MB/s
[    7.615865] raid6: .... xor() 6093 MB/s, rmw enabled
[    7.617855] raid6: using avx2x2 recovery algorithm
[    7.621908] xor: automatically using best checksumming function   avx       
[    7.626639] async_tx: api initialized (async)
done.
Begin: Running /scripts/init-premount ... done.
Begin: Mounting root file system ... Begin: Running /scripts/local-top ... done.
Begin: Running /scripts/local-premount ... [    7.761675] Btrfs loaded, crc32c=crc32c-intel
Scanning for Btrfs filesystems
done.
Begin: Will now check root file system ... fsck from util-linux 2.31.1
[/sbin/fsck.ext4 (1) -- /dev/sda1] fsck.ext4 -a -C0 /dev/sda1 
cloudimg-rootfs: clean, 99050/5120000 files, 751432/10485499 blocks
done.
[    7.850784] EXT4-fs (sda1): mounted filesystem with ordered data mode. Opts: (null)
done.
Begin: Running /scripts/local-bottom ... done.
Begin: Running /scripts/init-bottom ... done.
[    8.194636] ip_tables: (C) 2000-2006 Netfilter Core Team
[    8.219609] systemd[1]: systemd 237 running in system mode. (+PAM +AUDIT +SELINUX +IMA +APPARMOR +SMACK +SYSVINIT +UTMP +LIBCRYPTSETUP +GCRYPT +GNUTLS +ACL +XZ +LZ4 +SECCOMP +BLKID +ELFUTILS +KMOD -IDN2 +IDN -PCRE2 default-hierarchy=hybrid)
[    8.228183] systemd[1]: Detected virtualization oracle.
[    8.230630] systemd[1]: Detected architecture x86-64.

Welcome to [1mUbuntu 18.04.6 LTS[0m!

[    8.245681] systemd[1]: Set hostname to <lufucx>.
[    8.717079] systemd[1]: Reached target Mounting snaps.
[[0;32m  OK  [0m] Reached target Mounting snaps.
[    8.720742] systemd[1]: Reached target Mounted snaps.
[[0;32m  OK  [0m] Reached target Mounted snaps.
[    8.724544] systemd[1]: Reached target Swap.
[[0;32m  OK  [0m] Reached target Swap.
[    8.731022] systemd[1]: Created slice System Slice.
[[0;32m  OK  [0m] Created slice System Slice.
[    8.734331] systemd[1]: Reached target User and Group Name Lookups.
[[0;32m  OK  [0m] Reached target User and Group Name Lookups.
[    8.739148] systemd[1]: Set up automount Arbitrary Executable File Formats File System Automount Point.
[[0;32m  OK  [0m] Set up automount Arbitrary Executab…rmats File System Automount Point.
[[0;32m  OK  [0m] Listening on Journal Audit Socket.
[[0;32m  OK  [0m] Listening on LVM2 poll daemon socket.
[[0;32m  OK  [0m] Listening on LVM2 metadata daemon socket.
[[0;32m  OK  [0m] Listening on Journal Socket (/dev/log).
[[0;32m  OK  [0m] Listening on Syslog Socket.
[[0;32m  OK  [0m] Listening on Journal Socket.
         Starting Load Kernel Modules...
         Mounting Kernel Debug File System...
         Starting Set the console keyboard layout...
         Starting Create list of required st…ce nodes for the current kernel...
         Mounting Huge Pages File System...
         Starting Uncomplicated firewall...
         Mounting POSIX Message Queue File System...
[[0;32m  OK  [0m] Listening on Device-mapper event daemon FIFOs.
         Starting Monitoring of LVM2 mirrors…ng dmeventd or progress polling...
[[0;32m  OK  [0m] Listening on udev Kernel Socket.
[[0;32m  OK  [0m] Listening on fsck to fsckd communication Socket.
         Starting Remount Root and Kernel File Systems...
[[0;32m  OK  [0m] Listening on udev Control Socket.
[    8.803169] Loading iSCSI transport class v2.0-870.
         Starting udev Coldplug all Devices...
[[0;32m  OK  [0m] Reached target System Time Synchronized.
[[0;32m  OK  [0m] Listening on /dev/initctl Compatibility Named Pipe.
[[0;32m  OK  [0m] Created slice system-serial\x2dgetty.slice.
         Starting Journal Service...
[[0;32m  OK  [0m] Listening on Network Service Netlink Socket.
[[0;32m  OK  [0m] Created slice User and Session Slice.
[[0;32m  OK  [0m] Reached target Slices.
[[0;32m  OK  [0m] Started Forward Password Requests to Wall Directory Watch.
[[0;32m  OK  [0m] Mounted Kernel Debug File System.
[[0;32m  OK  [0m] Mounted Huge Pages File System.
[[0;32m  OK  [0m] Mounted POSIX Message Queue File System.
[[0;32m  OK  [0m] Started Create list of required sta…vice nodes for the current kernel.
         Starting Create Static Device Nodes in /dev...
[[0;32m  OK  [0m] Started Uncomplicated firewall.
[    8.924758] iscsi: registered transport (tcp)
[[0;32m  OK  [0m] Started Create Static Device Nodes in /dev.
[    8.999578] EXT4-fs (sda1): re-mounted. Opts: (null)
[[0;32m  OK  [0m] Started udev Coldplug all Devices.
[[0;32m  OK  [0m] Started LVM2 metadata daemon.
[[0;32m  OK  [0m] Started Remount Root and Kernel File Systems.
         Starting udev Kernel Device Manager...
         Starting Load/Save Random Seed...
[[0;32m  OK  [0m] Started Journal Service.
         Starting Flush Journal to Persistent Storage...
[[0;32m  OK  [0m] Started Load/Save Random Seed.
[[0;32m  OK  [0m] Started Monitoring of LVM2 mirrors,…sing dmeventd or progress polling.
[[0;32m  OK  [0m] Started udev Kernel Device Manager.
[    9.201614] systemd-journald[417]: Received request to flush runtime journal from PID 1
[    9.209152] iscsi: registered transport (iser)
[[0;32m  OK  [0m] Started Load Kernel Modules.
         Starting Apply Kernel Variables...
         Mounting Kernel Configuration File System...
         Mounting FUSE Control File System...
[[0;32m  OK  [0m] Mounted Kernel Configuration File System.
[[0;32m  OK  [0m] Mounted FUSE Control File System.
[[0;32m  OK  [0m] Started Apply Kernel Variables.
[[0;32m  OK  [0m] Started Flush Journal to Persistent Storage.
[[0;32m  OK  [0m] Started Set the console keyboard layout.
[[0;32m  OK  [0m] Reached target Local File Systems (Pre).
[[0;32m  OK  [0m] Reached target Local File Systems.
         Starting Create Volatile Files and Directories...
         Starting Set console font and keymap...
         Starting AppArmor initialization...
         Starting ebtables ruleset management...
         Starting Tell Plymouth To Write Out Runtime Data...
[[0;32m  OK  [0m] Started Dispatch Password Requests to Console Directory Watch.
[[0;32m  OK  [0m] Reached target Local Encrypted Volumes.
[[0;32m  OK  [0m] Started Set console font and keymap.
[[0;32m  OK  [0m] Started Tell Plymouth To Write Out Runtime Data.
[[0;32m  OK  [0m] Started Create Volatile Files and Directories.
         Starting Update UTMP about System Boot/Shutdown...
[[0;32m  OK  [0m] Started Update UTMP about System Boot/Shutdown.
[[0;32m  OK  [0m] Started ebtables ruleset management.
[[0;32m  OK  [0m] Started AppArmor initialization.
[[0;32m  OK  [0m] Found device /dev/ttyS0.
         Starting Load AppArmor profiles managed internally by snapd...
         Starting Initial cloud-init job (pre-networking)...
         Mounting Arbitrary Executable File Formats File System...
[[0;32m  OK  [0m] Mounted Arbitrary Executable File Formats File System.
[[0;32m  OK  [0m] Listening on Load/Save RF Kill Switch Status /dev/rfkill Watch.
[[0;32m  OK  [0m] Started Load AppArmor profiles managed internally by snapd.
[   12.791947] cloud-init[534]: Cloud-init v. 23.1.2-0ubuntu0~18.04.1 running 'init-local' at Fri, 29 Nov 2024 04:04:55 +0000. Up 12.27 seconds.
[[0;32m  OK  [0m] Started Initial cloud-init job (pre-networking).
[[0;32m  OK  [0m] Reached target Network (Pre).
         Starting Network Service...
[[0;32m  OK  [0m] Started Network Service.
         Starting Network Name Resolution...
         Starting Wait for Network to be Configured...
[[0;32m  OK  [0m] Started Network Name Resolution.
[[0;32m  OK  [0m] Reached target Network.
[[0;32m  OK  [0m] Reached target Host and Network Name Lookups.
[[0;32m  OK  [0m] Started Wait for Network to be Configured.
         Starting Initial cloud-init job (metadata service crawler)...
[   16.645120] cloud-init[678]: Cloud-init v. 23.1.2-0ubuntu0~18.04.1 running 'init' at Fri, 29 Nov 2024 04:04:59 +0000. Up 16.21 seconds.
[   16.652608] cloud-init[678]: ci-info: ++++++++++++++++++++++++++++++++++++++Net device info++++++++++++++++++++++++++++++++++++++
[   16.668758] cloud-init[678]: ci-info: +--------+------+----------------------------+---------------+--------+-------------------+
[   16.671379] cloud-init[678]: ci-info: | Device |  Up  |          Address           |      Mask     | Scope  |     Hw-Address    |
[   16.674157] cloud-init[678]: ci-info: +--------+------+----------------------------+---------------+--------+-------------------+
[   16.676912] cloud-init[678]: ci-info: | enp0s3 | True |         10.0.2.15          | 255.255.255.0 | global | 02:3b:7b:b7:3b:2d |
[   16.679549] cloud-init[678]: ci-info: | enp0s3 | True | fd00::3b:7bff:feb7:3b2d/64 |       .       | global | 02:3b:7b:b7:3b:2d |
[   16.682263] cloud-init[678]: ci-info: | enp0s3 | True | fe80::3b:7bff:feb7:3b2d/64 |       .       |  link  | 02:3b:7b:b7:3b:2d |
[   16.684909] cloud-init[678]: ci-info: |   lo   | True |         127.0.0.1          |   255.0.0.0   |  host  |         .         |
[   16.689759] cloud-init[678]: ci-info: |   lo   | True |          ::1/128           |       .       |  host  |         .         |
[   16.694747] cloud-init[678]: ci-info: +--------+------+----------------------------+---------------+--------+-------------------+
[   16.699746] cloud-init[678]: ci-info: ++++++++++++++++++++++++++++Route IPv4 info+++++++++++++++++++++++++++++
[   16.703995] cloud-init[678]: ci-info: +-------+-------------+----------+-----------------+-----------+-------+
[   16.708391] cloud-init[678]: ci-info: | Route | Destination | Gateway  |     Genmask     | Interface | Flags |
[   16.712689] cloud-init[678]: ci-info: +-------+-------------+----------+-----------------+-----------+-------+
[   16.716414] cloud-init[678]: ci-info: |   0   |   0.0.0.0   | 10.0.2.2 |     0.0.0.0     |   enp0s3  |   UG  |
[   16.718775] cloud-init[678]: ci-info: |   1   |   10.0.2.0  | 0.0.0.0  |  255.255.255.0  |   enp0s3  |   U   |
[   16.721162] cloud-init[678]: ci-info: |   2   |   10.0.2.2  | 0.0.0.0  | 255.255.255.255 |   enp0s3  |   UH  |
[   16.723450] cloud-init[678]: ci-info: +-------+-------------+----------+-----------------+-----------+-------+
[   16.725828] cloud-init[678]: ci-info: +++++++++++++++++++Route IPv6 info+++++++++++++++++++
[   16.727882] cloud-init[678]: ci-info: +-------+-------------+---------+-----------+-------+
[   16.729889] cloud-init[678]: ci-info: | Route | Destination | Gateway | Interface | Flags |
[   16.731912] cloud-init[678]: ci-info: +-------+-------------+---------+-----------+-------+
[   16.735240] cloud-init[678]: ci-info: |   1   |  fd00::/64  |    ::   |   enp0s3  |   U   |
[   16.739073] cloud-init[678]: ci-info: |   2   |  fe80::/64  |    ::   |   enp0s3  |   U   |
[   16.742996] cloud-init[678]: ci-info: |   3   |     ::/0    | fe80::2 |   enp0s3  |   UG  |
[   16.745875] cloud-init[678]: ci-info: |   5   |    local    |    ::   |   enp0s3  |   U   |
[   16.747965] cloud-init[678]: ci-info: |   6   |   ff00::/8  |    ::   |   enp0s3  |   U   |
[   16.750049] cloud-init[678]: ci-info: +-------+-------------+---------+-----------+-------+
[[0;32m  OK  [0m] Started Initial cloud-init job (metadata service crawler).
[[0;32m  OK  [0m] Reached target Network is Online.
[[0;32m  OK  [0m] Reached target Remote File Systems (Pre).
         Starting Availability of block devices...
         Mounting /vagrant...
[[0;32m  OK  [0m] Reached target Cloud-config availability.
[[0;32m  OK  [0m] Reached target System Initialization.
[[0;32m  OK  [0m] Started Daily apt download activities.
         Starting LXD - unix socket.
         Starting Socket activation for snappy daemon.
[[0;32m  OK  [0m] Listening on UUID daemon activation socket.
[[0;32m  OK  [0m] Started Discard unused blocks once a week.
[[0;32m  OK  [0m] Started Message of the Day.
[[0;32m  OK  [0m] Started Daily apt upgrade and clean activities.
[[0;32m  OK  [0m] Started Ubuntu Advantage Timer for running repeated jobs.
[[0;32m  OK  [0m] Listening on D-Bus System Message Bus Socket.
[[0;32m  OK  [0m] Listening on cloud-init hotplug hook socket.
[[0;32m  OK  [0m] Started Daily Cleanup of Temporary Directories.
[[0;32m  OK  [0m] Reached target Timers.
[[0;32m  OK  [0m] Listening on ACPID Listen Socket.
[[0;32m  OK  [0m] Listening on Open-iSCSI iscsid Socket.
[[0;32m  OK  [0m] Started ACPI Events Check.
[[0;32m  OK  [0m] Reached target Paths.
[[0;32m  OK  [0m] Started Availability of block devices.
[[0;32m  OK  [0m] Listening on LXD - unix socket.
[[0;32m  OK  [0m] Listening on Socket activation for snappy daemon.
[[0;32m  OK  [0m] Reached target Sockets.
[[0;32m  OK  [0m] Reached target Basic System.
         Starting Login Service...
[[0;32m  OK  [0m] Started Deferred execution scheduler.
         Starting System Logging Service...
         Starting Message of the Day...
         Starting Virtualbox guest utils...
         Starting Snap Daemon...
[[0;32m  OK  [0m] Started irqbalance daemon.
         Starting OpenBSD Secure Shell server...
[[0;32m  OK  [0m] Reached target Login Prompts (Pre).
         Starting LSB: Record successful boot for GRUB...
[[0;32m  OK  [0m] Started D-Bus System Message Bus.
[[0;32m  OK  [0m] Started Login Service.
[[0;32m  OK  [0m] Started Unattended Upgrades Shutdown.
[[0;32m  OK  [0m] Started FUSE filesystem for LXC.
         Starting Accounts Service...
[[0;32m  OK  [0m] Started Regular background program processing daemon.
         Starting Dispatcher daemon for systemd-networkd...
         Starting LXD - container startup/shutdown...
[[0;32m  OK  [0m] Started System Logging Service.
[[0;32m  OK  [0m] Mounted /vagrant.
[[0;32m  OK  [0m] Started OpenBSD Secure Shell server.
         Starting Hostname Service...
[[0;32m  OK  [0m] Reached target Remote File Systems.
         Starting Permit User Sessions...
         Starting LSB: automatic crash report generation...
[[0;32m  OK  [0m] Started Permit User Sessions.
         Starting Hold until boot process finishes up...
         Starting Terminate Plymouth Boot Screen...
         Starting Authorization Manager...
[[0;32m  OK  [0m] Started Hold until boot process finishes up.
         Starting Set console scheme...
[[0;32m  OK  [0m] Started Serial Getty on ttyS0.
[[0;32m  OK  [0m] Started Terminate Plymouth Boot Screen.
[[0;32m  OK  [0m] Started LSB: Record successful boot for GRUB.
[[0;32m  OK  [0m] Started Set console scheme.
[[0;32m  OK  [0m] Created slice system-getty.slice.
[[0;32m  OK  [0m] Started Getty on tty1.
[[0;32m  OK  [0m] Reached target Login Prompts.
[[0;32m  OK  [0m] Started Authorization Manager.
[[0;32m  OK  [0m] Started Accounts Service.
[[0;32m  OK  [0m] Started LSB: automatic crash report generation.
[[0;32m  OK  [0m] Started Virtualbox guest utils.
[[0;32m  OK  [0m] Started Hostname Service.
[[0;32m  OK  [0m] Created slice User Slice of vagrant.
[[0;32m  OK  [0m] Started LXD - container startup/shutdown.
[[0;32m  OK  [0m] Started Session 1 of user vagrant.
         Starting User Manager for UID 1000...
[[0;32m  OK  [0m] Started Dispatcher daemon for systemd-networkd.
[[0;32m  OK  [0m] Started User Manager for UID 1000.
[[0;32m  OK  [0m] Started Snap Daemon.
         Starting Wait until snapd is fully seeded...
         Starting Time & Date Service...
[[0;32m  OK  [0m] Started Time & Date Service.
[[0;32m  OK  [0m] Started Wait until snapd is fully seeded.
         Starting Apply the settings specified in cloud-config...
[   21.521196] cloud-init[1031]: Cloud-init v. 23.1.2-0ubuntu0~18.04.1 running 'modules:config' at Fri, 29 Nov 2024 04:05:04 +0000. Up 21.21 seconds.
[[0;32m  OK  [0m] Started Apply the settings specified in cloud-config.
[[0;32m  OK  [0m] Reached target Multi-User System.
[[0;32m  OK  [0m] Reached target Graphical Interface.
         Starting Update UTMP about System Runlevel Changes...
         Starting Execute cloud user/final scripts...
[[0;32m  OK  [0m] Started Update UTMP about System Runlevel Changes.
[   23.351167] cloud-init[1168]: Cloud-init v. 23.1.2-0ubuntu0~18.04.1 running 'modules:final' at Fri, 29 Nov 2024 04:05:06 +0000. Up 22.86 seconds.
[   23.354239] cloud-init[1168]: Cloud-init v. 23.1.2-0ubuntu0~18.04.1 finished at Fri, 29 Nov 2024 04:05:06 +0000. Datasource DataSourceNoCloud [seed=/dev/sdb][dsmode=net].  Up 23.33 seconds

Ubuntu 18.04.6 LTS lufucx ttyS0

lufucx login: [[0;32m  OK  [0m] Stopped target Graphical Interface.
         Stopping Accounts Service...
[[0;32m  OK  [0m] Stopped target Timers.
[[0;32m  OK  [0m] Stopped Discard unused blocks once a week.
[[0;32m  OK  [0m] Stopped Daily Cleanup of Temporary Directories.
[[0;32m  OK  [0m] Stopped Ubuntu Advantage Timer for running repeated jobs.
[[0;32m  OK  [0m] Closed Load/Save RF Kill Switch Status /dev/rfkill Watch.
         Stopping Availability of block devices...
[[0;32m  OK  [0m] Stopped target Cloud-init target.
[[0;32m  OK  [0m] Stopped Execute cloud user/final scripts.
[[0;32m  OK  [0m] Stopped Apply the settings specified in cloud-config.
[[0;32m  OK  [0m] Stopped target Cloud-config availability.
[[0;32m  OK  [0m] Stopped target Multi-User System.
[[0;32m  OK  [0m] Stopped Wait until snapd is fully seeded.
         Stopping LSB: automatic crash report generation...
         Stopping System Logging Service...
         Stopping Regular background program processing daemon...
         Stopping LSB: Record successful boot for GRUB...
         Stopping D-Bus System Message Bus...
         Stopping Dispatcher daemon for systemd-networkd...
         Stopping The Apache HTTP Server...
         Stopping Virtualbox guest utils...
         Stopping irqbalance daemon...
[[0;32m  OK  [0m] Stopped target Login Prompts.
         Stopping Serial Getty on ttyS0...
         Stopping Getty on tty1...
         Stopping Deferred execution scheduler...
         Stopping LXD - container startup/shutdown...
         Stopping User Manager for UID 1000...
         Stopping OpenBSD Secure Shell server...
[[0;32m  OK  [0m] Stopped Message of the Day.
         Stopping Authorization Manager...
         Stopping FUSE filesystem for LXC...
[[0;32m  OK  [0m] Stopped Daily apt upgrade and clean activities.
[[0;32m  OK  [0m] Stopped Daily apt download activities.
[[0;32m  OK  [0m] Stopped target System Time Synchronized.
         Stopping Session 3 of user vagrant.
[[0;32m  OK  [0m] Unmounted /var/lib/lxcfs.
[[0;32m  OK  [0m] Stopped Deferred execution scheduler.
[[0;32m  OK  [0m] Stopped System Logging Service.
[[0;32m  OK  [0m] Stopped irqbalance daemon.
[[0;32m  OK  [0m] Stopped Accounts Service.
[[0;32m  OK  [0m] Stopped Regular background program processing daemon.
[[0;32m  OK  [0m] Stopped Dispatcher daemon for systemd-networkd.
[[0;32m  OK  [0m] Stopped OpenBSD Secure Shell server.
[[0;32m  OK  [0m] Stopped Authorization Manager.
[[0;32m  OK  [0m] Stopped Serial Getty on ttyS0.
[[0;32m  OK  [0m] Stopped Getty on tty1.
[[0;32m  OK  [0m] Stopped User Manager for UID 1000.
[[0;32m  OK  [0m] Stopped Availability of block devices.
[[0;32m  OK  [0m] Stopped D-Bus System Message Bus.
[[0;32m  OK  [0m] Stopped FUSE filesystem for LXC.
[[0;32m  OK  [0m] Stopped Session 3 of user vagrant.
[[0;32m  OK  [0m] Stopped LXD - container startup/shutdown.
[[0;32m  OK  [0m] Removed slice User Slice of vagrant.
         Stopping Login Service...
[[0;32m  OK  [0m] Removed slice system-getty.slice.
[[0;32m  OK  [0m] Stopped target Login Prompts (Pre).
         Stopping Permit User Sessions...
[[0;32m  OK  [0m] Removed slice system-serial\x2dgetty.slice.
[[0;32m  OK  [0m] Stopped The Apache HTTP Server.
[[0;32m  OK  [0m] Stopped Permit User Sessions.
[[0;32m  OK  [0m] Stopped target Host and Network Name Lookups.
[[0;32m  OK  [0m] Stopped LSB: automatic crash report generation.
[[0;32m  OK  [0m] Stopped target Remote File Systems.
         Unmounting /vagrant...
[[0;32m  OK  [0m] Stopped LSB: Record successful boot for GRUB.
[[0;32m  OK  [0m] Stopped Login Service.
[[0;32m  OK  [0m] Stopped target User and Group Name Lookups.
[[0;32m  OK  [0m] Stopped Virtualbox guest utils.
[[0;32m  OK  [0m] Stopped target Basic System.
[[0;32m  OK  [0m] Stopped target Paths.
[[0;32m  OK  [0m] Stopped ACPI Events Check.
[[0;32m  OK  [0m] Stopped target Sockets.
[[0;32m  OK  [0m] Closed LXD - unix socket.
[[0;32m  OK  [0m] Closed Socket activation for snappy daemon.
[[0;32m  OK  [0m] Closed D-Bus System Message Bus Socket.
[[0;32m  OK  [0m] Closed cloud-init hotplug hook socket.
[[0;32m  OK  [0m] Closed UUID daemon activation socket.
[[0;32m  OK  [0m] Closed ACPID Listen Socket.
[[0;32m  OK  [0m] Closed Syslog Socket.
[[0;32m  OK  [0m] Closed Open-iSCSI iscsid Socket.
[[0;32m  OK  [0m] Stopped target System Initialization.
         Stopping Load/Save Random Seed...
[[0;32m  OK  [0m] Stopped target Local Encrypted Volumes.
[[0;32m  OK  [0m] Stopped Dispatch Password Requests to Console Directory Watch.
[[0;32m  OK  [0m] Stopped Forward Password Requests to Wall Directory Watch.
         Stopping Update UTMP about System Boot/Shutdown...
[[0;32m  OK  [0m] Stopped target Slices.
[[0;32m  OK  [0m] Removed slice User and Session Slice.
[[0;32m  OK  [0m] Unmounted /vagrant.
[[0;32m  OK  [0m] Stopped Load/Save Random Seed.
[[0;32m  OK  [0m] Stopped target Remote File Systems (Pre).
[[0;32m  OK  [0m] Stopped target Network is Online.
[[0;32m  OK  [0m] Stopped Initial cloud-init job (metadata service crawler).
[[0;32m  OK  [0m] Stopped Wait for Network to be Configured.
[[0;32m  OK  [0m] Stopped target Network.
         Stopping Network Name Resolution...
[[0;32m  OK  [0m] Stopped Update UTMP about System Boot/Shutdown.
[[0;32m  OK  [0m] Stopped Network Name Resolution.
         Stopping Network Service...
[[0;32m  OK  [0m] Stopped Create Volatile Files and Directories.
[[0;32m  OK  [0m] Stopped target Local File Systems.
         Unmounting /run/user/1000...
[[0;32m  OK  [0m] Stopped target Mounted snaps.
[[0;32m  OK  [0m] Stopped target Mounting snaps.
[[0;32m  OK  [0m] Unmounted /run/user/1000.
[[0;32m  OK  [0m] Reached target Unmount All Filesystems.
[[0;32m  OK  [0m] Stopped target Local File Systems (Pre).
         Stopping Monitoring of LVM2 mirrors…ng dmeventd or progress polling...
[[0;32m  OK  [0m] Stopped Create Static Device Nodes in /dev.
[[0;32m  OK  [0m] Stopped target Swap.
[[0;32m  OK  [0m] Stopped Network Service.
[[0;32m  OK  [0m] Stopped Apply Kernel Variables.
[[0;32m  OK  [0m] Stopped Load Kernel Modules.
[[0;32m  OK  [0m] Stopped target Network (Pre).
[[0;32m  OK  [0m] Stopped Initial cloud-init job (pre-networking).
[[0;32m  OK  [0m] Stopped Remount Root and Kernel File Systems.
[[0;32m  OK  [0m] Reached target Shutdown.
[[0;32m  OK  [0m] Reached target Final Step.
         Starting Power-Off...
[[0;32m  OK  [0m] Stopped Monitoring of LVM2 mirrors,…sing dmeventd or progress polling.
         Stopping LVM2 metadata daemon...
[[0;32m  OK  [0m] Stopped LVM2 metadata daemon.
[   90.646224] reboot: Power down
